\BOOKMARK [1][-]{section.1}{Vorwort}{}% 1
\BOOKMARK [2][-]{subsection.1.1}{Hinweis\040zur\040Formatierung}{section.1}% 2
\BOOKMARK [1][-]{section.2}{Projektidee}{}% 3
\BOOKMARK [1][-]{section.3}{Motivation}{}% 4
\BOOKMARK [1][-]{section.4}{\376\377\000E\000i\000n\000e\000\040\000k\000u\000r\000z\000e\000\040\000E\000i\000n\000f\000\374\000h\000r\000u\000n\000g\000\040\000i\000n\000\040\000A\000V\000-\000V\000e\000r\000a\000r\000b\000e\000i\000t\000u\000n\000g}{}% 5
\BOOKMARK [2][-]{subsection.4.1}{Videocodecs}{section.4}% 6
\BOOKMARK [2][-]{subsection.4.2}{Audiocodecs}{section.4}% 7
\BOOKMARK [2][-]{subsection.4.3}{Containerformate}{section.4}% 8
\BOOKMARK [1][-]{section.5}{Umsetzung}{}% 9
\BOOKMARK [2][-]{subsection.5.1}{Bibliotheken\040und\040Frameworks}{section.5}% 10
\BOOKMARK [3][-]{subsubsection.5.1.1}{Qt}{subsection.5.1}% 11
\BOOKMARK [3][-]{subsubsection.5.1.2}{QtAV}{subsection.5.1}% 12
\BOOKMARK [2][-]{subsection.5.2}{Entwicklungsverlauf}{section.5}% 13
\BOOKMARK [3][-]{subsubsection.5.2.1}{Phase\0401:\040Anforderungen\040festlegen}{subsection.5.2}% 14
\BOOKMARK [3][-]{subsubsection.5.2.2}{Phase\0402:\040Entwicklung}{subsection.5.2}% 15
\BOOKMARK [3][-]{subsubsection.5.2.3}{Phase\0403:\040Optimierungen\040und\040Tests}{subsection.5.2}% 16
\BOOKMARK [3][-]{subsubsection.5.2.4}{\376\377\000P\000h\000a\000s\000e\000\040\0004\000:\000\040\000V\000e\000r\000\366\000f\000f\000e\000n\000t\000l\000i\000c\000h\000u\000n\000g}{subsection.5.2}% 17
\BOOKMARK [1][-]{section.6}{Architektur}{}% 18
\BOOKMARK [2][-]{subsection.6.1}{Komponenten}{section.6}% 19
\BOOKMARK [3][-]{subsubsection.6.1.1}{GUI\040\(QML\)}{subsection.6.1}% 20
\BOOKMARK [3][-]{subsubsection.6.1.2}{API\040\(C++\)}{subsection.6.1}% 21
\BOOKMARK [3][-]{subsubsection.6.1.3}{Devices\040\(C++\)}{subsection.6.1}% 22
\BOOKMARK [3][-]{subsubsection.6.1.4}{Streaming\040\(C++\)}{subsection.6.1}% 23
\BOOKMARK [3][-]{subsubsection.6.1.5}{Sink\040\(C++\)}{subsection.6.1}% 24
\BOOKMARK [1][-]{section.7}{Anhang}{}% 25
\BOOKMARK [2][-]{subsection.7.1}{Flussdiagramm}{section.7}% 26
\BOOKMARK [2][-]{subsection.7.2}{Quellcode}{section.7}% 27
\BOOKMARK [2][-]{subsection.7.3}{\376\377\000E\000r\000k\000l\000\344\000r\000u\000n\000g\000\040\000d\000e\000s\000\040\000V\000e\000r\000f\000a\000s\000s\000e\000r\000s}{section.7}% 28
\BOOKMARK [2][-]{subsection.7.4}{Quellenverzeichnis}{section.7}% 29
\BOOKMARK [3][-]{subsubsection.7.4.1}{LaTeX\040betreffend}{subsection.7.4}% 30
\BOOKMARK [3][-]{subsubsection.7.4.2}{Programmieren\040betreffend}{subsection.7.4}% 31
\BOOKMARK [2][-]{subsection.7.5}{Sonstige\040Quellen}{section.7}% 32
\BOOKMARK [2][-]{subsection.7.6}{\376\377\000W\000e\000i\000t\000e\000r\000f\000\374\000h\000r\000e\000n\000d\000e\000\040\000L\000i\000t\000e\000r\000a\000t\000u\000r}{section.7}% 33
